<?xml version="1.0" encoding="utf-8"?><testsuites name="pytest tests"><testsuite name="pytest" errors="0" failures="0" skipped="0" tests="13" time="2.420" timestamp="2026-09-10T22:05:25.754499+00:00" hostname="agent-env-0aa1adb4-bf0b-4b5e-b82e-4a771ee57330"><testcase classname="tests.test_baileys_wa.TestWaStatus" name="test_status_requires_auth" time="0.202" /><testcase classname="tests.test_baileys_wa.TestBotIncomingFlows" name="test_option_1_polarizado_greets_by_name" time="0.506" /><testcase classname="tests.test_baileys_wa.TestBotIncomingFlows" name="test_option_3_antiatraco_has_media" time="0.316" /><testcase classname="tests.test_baileys_wa.TestWaStatus" name="test_status_with_auth_returns_state" time="0.426" /><testcase classname="tests.test_baileys_wa.TestWaLogout" name="test_logout_requires_auth" time="0.107" /><testcase classname="tests.test_baileys_wa.TestWaLogout" name="test_logout_with_auth" time="0.088" /><testcase classname="tests.test_baileys_wa.TestBotIncomingFlows" name="test_option_2_ppf_submenu" time="0.271" /><testcase classname="tests.test_baileys_wa.TestAdminReplyBaileys" name="test_reply_controlled_when_not_linked" time="0.261" /><testcase classname="tests.test_baileys_wa.TestAdminReplyBaileys" name="test_reply_missing_fields_400" time="0.067" /><testcase classname="tests.test_baileys_wa.TestBotIncomingWelcome" name="test_new_contact_welcome_uses_name_no_ask" time="0.131" /><testcase classname="tests.test_baileys_wa.TestPersistenceIncoming" name="test_incoming_persists_and_visible_in_admin" time="0.235" /><testcase classname="tests.test_baileys_wa.TestBotIncomingWelcome" name="test_incoming_no_contact_returns_empty" time="0.082" /><testcase classname="tests.test_baileys_wa.TestPauseIncoming" name="test_pause_and_resume_on_incoming" time="0.431" /></testsuite></testsuites>