<?xml version="1.0" encoding="utf-8"?><testsuites name="pytest tests"><testsuite name="pytest" errors="0" failures="0" skipped="0" tests="10" time="2.581" timestamp="2026-09-03T21:24:50.770782+00:00" hostname="agent-env-0aa1adb4-bf0b-4b5e-b82e-4a771ee57330"><testcase classname="tests.test_panel_admin.TestAuth" name="test_login_success" time="0.413" /><testcase classname="tests.test_panel_admin.TestAuth" name="test_login_bad_credentials" time="0.460" /><testcase classname="tests.test_panel_admin.TestToggleBot" name="test_toggle_pauses_bot_and_webhook_returns_empty" time="1.173" /><testcase classname="tests.test_panel_admin.TestAuth" name="test_me_with_token" time="0.415" /><testcase classname="tests.test_panel_admin.TestToggleBot" name="test_reactivate_bot_resumes_replies" time="0.387" /><testcase classname="tests.test_panel_admin.TestAuth" name="test_me_without_token" time="0.073" /><testcase classname="tests.test_panel_admin.TestAuth" name="test_admin_endpoints_require_auth" time="0.116" /><testcase classname="tests.test_panel_admin.TestPersistence" name="test_webhook_persists_in_and_out" time="0.441" /><testcase classname="tests.test_panel_admin.TestAdminReply" name="test_reply_returns_502_when_twilio_rejects" time="0.464" /><testcase classname="tests.test_panel_admin.TestAdminReply" name="test_reply_missing_fields_400" time="0.063" /></testsuite></testsuites>