<?xml version="1.0" encoding="utf-8"?><testsuites name="pytest tests"><testsuite name="pytest" errors="0" failures="0" skipped="0" tests="16" time="2.510" timestamp="2026-08-27T17:59:03.439574+00:00" hostname="agent-env-0aa1adb4-bf0b-4b5e-b82e-4a771ee57330"><testcase classname="tests.test_bot_andrea.TestPreview" name="test_preview_reset_returns_welcome" time="0.312" /><testcase classname="tests.test_bot_andrea.TestWebhook" name="test_first_message_returns_welcome_twiml" time="0.529" /><testcase classname="tests.test_bot_andrea.TestPreview" name="test_preview_new_contact_returns_welcome" time="0.129" /><testcase classname="tests.test_bot_andrea.TestPreview" name="test_preview_service_flow" time="0.220" /><testcase classname="tests.test_bot_andrea.TestWebhook" name="test_service_option_returns_detail_and_asesor[1]" time="0.180" /><testcase classname="tests.test_bot_andrea.TestPreview" name="test_preview_invalid_after_seen" time="0.190" /><testcase classname="tests.test_bot_andrea.TestWebhook" name="test_service_option_returns_detail_and_asesor[2]" time="0.228" /><testcase classname="tests.test_bot_andrea.TestPreview" name="test_preview_asesor" time="0.257" /><testcase classname="tests.test_bot_andrea.TestWebhook" name="test_service_option_returns_detail_and_asesor[3]" time="0.169" /><testcase classname="tests.test_bot_andrea.TestWebhook" name="test_service_option_returns_detail_and_asesor[4]" time="0.171" /><testcase classname="tests.test_bot_andrea.TestHealth" name="test_root_status" time="0.115" /><testcase classname="tests.test_bot_andrea.TestHealth" name="test_bot_info" time="0.076" /><testcase classname="tests.test_bot_andrea.TestWebhook" name="test_service_option_returns_detail_and_asesor[5]" time="0.134" /><testcase classname="tests.test_bot_andrea.TestWebhook" name="test_invalid_message_repeats_menu" time="0.149" /><testcase classname="tests.test_bot_andrea.TestWebhook" name="test_invalid_number_9_repeats_menu" time="0.140" /><testcase classname="tests.test_bot_andrea.TestWebhook" name="test_asesor_handoff" time="0.136" /></testsuite></testsuites>