<?xml version="1.0" encoding="utf-8"?><testsuites name="pytest tests"><testsuite name="pytest" errors="0" failures="0" skipped="0" tests="26" time="5.223" timestamp="2026-08-27T20:32:11.354625+00:00" hostname="agent-env-0aa1adb4-bf0b-4b5e-b82e-4a771ee57330"><testcase classname="tests.test_bot_andrea.TestVolver" name="test_volver_from_any_step[step_setup0]" time="0.629" /><testcase classname="tests.test_bot_andrea.TestOption2PPF" name="test_ppf_intro_no_price_line" time="0.467" /><testcase classname="tests.test_bot_andrea.TestOption2PPF" name="test_ppf_submenu_after_vehicle" time="0.673" /><testcase classname="tests.test_bot_andrea.TestVolver" name="test_volver_from_any_step[step_setup1]" time="0.344" /><testcase classname="tests.test_bot_andrea.TestVolver" name="test_volver_from_any_step[step_setup2]" time="0.438" /><testcase classname="tests.test_bot_andrea.TestOption2PPF" name="test_ppf_1_total" time="0.391" /><testcase classname="tests.test_bot_andrea.TestVolver" name="test_volver_from_any_step[step_setup3]" time="0.263" /><testcase classname="tests.test_bot_andrea.TestOption2PPF" name="test_ppf_2_pintura" time="0.300" /><testcase classname="tests.test_bot_andrea.TestVolver" name="test_volver_from_any_step[step_setup4]" time="0.479" /><testcase classname="tests.test_bot_andrea.TestOption2PPF" name="test_ppf_piano_black_catalog[Mazda CX-5-Mazda CX-5-$800.000]" time="0.383" /><testcase classname="tests.test_bot_andrea.TestVolver" name="test_volver_from_any_step[step_setup5]" time="0.511" /><testcase classname="tests.test_bot_andrea.TestOption2PPF" name="test_ppf_piano_black_catalog[Tesla Model Y-Tesla Model Y-$850.000]" time="0.311" /><testcase classname="tests.test_bot_andrea.TestOption2PPF" name="test_ppf_piano_black_catalog[Ford Territory-Ford Territory-$1.100.000]" time="0.348" /><testcase classname="tests.test_bot_andrea.TestOption1" name="test_option1_shows_plans_videos_and_asks_choice" time="0.302" /><testcase classname="tests.test_bot_andrea.TestOption2PPF" name="test_ppf_piano_black_catalog[BYD Yuan Plus-BYD Yuan Plus-$1.300.000]" time="0.345" /><testcase classname="tests.test_bot_andrea.TestOption1" name="test_option1_choice_by_number" time="0.397" /><testcase classname="tests.test_bot_andrea.TestOption2PPF" name="test_ppf_piano_black_not_in_catalog" time="0.354" /><testcase classname="tests.test_bot_andrea.TestOption1" name="test_option1_choice_by_name" time="0.431" /><testcase classname="tests.test_bot_andrea.TestOption2PPF" name="test_ppf_4_acrilicas" time="0.342" /><testcase classname="tests.test_bot_andrea.TestHealth" name="test_root" time="0.130" /><testcase classname="tests.test_bot_andrea.TestWebhook" name="test_first_message_returns_welcome_twiml_and_never_asks_name" time="0.197" /><testcase classname="tests.test_bot_andrea.TestHealth" name="test_bot_info" time="0.089" /><testcase classname="tests.test_bot_andrea.TestPreviewBasics" name="test_preview_new_contact_returns_welcome" time="0.089" /><testcase classname="tests.test_bot_andrea.TestPreviewBasics" name="test_volver_command_returns_menu" time="0.266" /><testcase classname="tests.test_bot_andrea.TestWebhook" name="test_greets_with_profile_name_after_choosing_option" time="0.158" /><testcase classname="tests.test_bot_andrea.TestOption4Arch" name="test_arch_flow" time="0.379" /></testsuite></testsuites>