<?xml version="1.0" encoding="utf-8"?><testsuites name="pytest tests"><testsuite name="pytest" errors="0" failures="0" skipped="0" tests="7" time="1.423" timestamp="2026-09-03T22:05:20.450086+00:00" hostname="agent-env-0aa1adb4-bf0b-4b5e-b82e-4a771ee57330"><testcase classname="tests.test_webhook_twiml.TestWebhookFlow" name="test_2_first_message_returns_welcome_twiml" time="0.471" /><testcase classname="tests.test_webhook_twiml.TestPersistence" name="test_admin_conversations_contains_contact" time="0.539" /><testcase classname="tests.test_webhook_twiml.TestWebhookFlow" name="test_3_option1_returns_polarizado_info_and_asks_vehicle" time="0.074" /><testcase classname="tests.test_webhook_twiml.TestPersistence" name="test_admin_messages_contains_in_and_out" time="0.064" /><testcase classname="tests.test_webhook_twiml.TestWebhookFlow" name="test_4_option3_antiatraco_after_model_returns_media_and_prompt" time="0.233" /><testcase classname="tests.test_webhook_twiml.TestWebhookHealth" name="test_get_returns_200_with_health_text" time="0.062" /><testcase classname="tests.test_webhook_twiml.TestProfileName" name="test_profile_name_used_never_asks" time="0.133" /></testsuite></testsuites>