<?xml version="1.0" encoding="utf-8"?><testsuites name="pytest tests"><testsuite name="pytest" errors="0" failures="0" skipped="0" tests="8" time="2.156" timestamp="2026-09-03T22:14:11.189843+00:00" hostname="agent-env-0aa1adb4-bf0b-4b5e-b82e-4a771ee57330"><testcase classname="tests.test_webhook_guard.TestGuardIgnoresEmptyEvents" name="test_empty_from_returns_empty_twiml" time="0.539" /><testcase classname="tests.test_webhook_guard.TestNormalFlowIntact" name="test_real_message_returns_welcome" time="0.997" /><testcase classname="tests.test_webhook_guard.TestGuardIgnoresEmptyEvents" name="test_empty_body_no_media_does_not_create_conversation" time="0.584" /><testcase classname="tests.test_webhook_guard.TestNormalFlowIntact" name="test_option_1_polarizado" time="0.211" /><testcase classname="tests.test_webhook_guard.TestGuardIgnoresEmptyEvents" name="test_empty_body_no_media_unique_from_never_registered" time="0.174" /><testcase classname="tests.test_webhook_guard.TestNormalFlowIntact" name="test_option_3_antiatraco_media" time="0.370" /><testcase classname="tests.test_webhook_guard.TestGuardDoesNotIgnoreAudio" name="test_audio_media_without_body_triggers_handoff" time="0.190" /><testcase classname="tests.test_webhook_guard.TestHealth" name="test_get_webhook_health" time="0.104" /></testsuite></testsuites>